{"name":"(Pantheon|Edit App) Edit app positive [2.1.8 Edit application]","id":"stories/pantheon/UserApps.story;(Pantheon|Edit App) Edit app positive [2.1.8 Edit application]","testSteps":[{"number":1,"description":"(Pantheon|Edit App) Edit app positive [2.1.8 Edit application] #1: {appFormField\u003dApplication name, appValue\u003dmamax-Appdf, detailName\u003dApplication Name}","duration":20938,"startTime":1492103803341,"precondition":false,"children":[{"number":2,"description":"Given open Home page","duration":4759,"startTime":1492103803341,"result":"SUCCESS","precondition":false,"children":[{"number":3,"description":"Open page","duration":4752,"startTime":1492103803348,"result":"SUCCESS","precondition":false}]},{"number":4,"description":"And navigate to Pantheon LogIn page from Home page","duration":1148,"startTime":1492103808101,"result":"SUCCESS","precondition":false,"children":[{"number":5,"description":"Click log in","duration":803,"startTime":1492103808102,"result":"SUCCESS","precondition":false},{"number":6,"description":"Is page opened","duration":342,"startTime":1492103808906,"result":"SUCCESS","precondition":false}]},{"number":7,"description":"And navigate to Pantheon User Account page from LogIn page","duration":4365,"startTime":1492103809249,"result":"SUCCESS","precondition":false,"children":[{"number":8,"description":"Log in to app: TestUser, 1234567","duration":4362,"startTime":1492103809252,"result":"SUCCESS","precondition":false}]},{"number":9,"description":"Given open my Apps page","duration":10651,"startTime":1492103813614,"exception":{"errorType":"org.openqa.selenium.NoSuchElementException","message":"Timed out after 5 seconds. Element not found\nFor documentation on this error, please visit: http://seleniumhq.org/exceptions/no_such_element.html\nBuild info: version: \u00272.53.1\u0027, revision: \u0027a36b8b1cd5757287168e54b817830adce9b0158d\u0027, time: \u00272016-06-30 19:26:09\u0027\nSystem info: host: \u0027testing-docker-b74a0fbd-fbcb-4368-9193-ef64551f9aa2\u0027, ip: \u0027172.17.0.10\u0027, os.name: \u0027Linux\u0027, os.arch: \u0027amd64\u0027, os.version: \u00274.8.12-040812-generic\u0027, java.version: \u00271.8.0_31\u0027\nDriver info: driver.version: unknown","stackTrace":[{"declaringClass":"com.tkmdpa.taf.pages.pantheon.AddNewAppPage","methodName":"clickOnApp","fileName":"AddNewAppPage.java","lineNumber":49},{"declaringClass":"com.tkmdpa.taf.steps.pantheon.UserAppsSteps","methodName":"openMyAppsPage","fileName":"UserAppsSteps.java","lineNumber":31},{"declaringClass":"com.tkmdpa.taf.definitions.pantheon.UserAppsDefinition","methodName":"navigateToMyAppsPage","fileName":"UserAppsDefinition.java","lineNumber":26}]},"result":"ERROR","precondition":false,"children":[{"number":10,"description":"Open my apps page","duration":10642,"startTime":1492103813617,"screenshots":[{"screenshot":"54c2204884c84937e52449a81f37ff84.png","htmlSource":"pagesource1259467035510910282.html.txt"}],"exception":{"errorType":"org.openqa.selenium.NoSuchElementException","message":"Timed out after 5 seconds. Element not found\nFor documentation on this error, please visit: http://seleniumhq.org/exceptions/no_such_element.html\nBuild info: version: \u00272.53.1\u0027, revision: \u0027a36b8b1cd5757287168e54b817830adce9b0158d\u0027, time: \u00272016-06-30 19:26:09\u0027\nSystem info: host: \u0027testing-docker-b74a0fbd-fbcb-4368-9193-ef64551f9aa2\u0027, ip: \u0027172.17.0.10\u0027, os.name: \u0027Linux\u0027, os.arch: \u0027amd64\u0027, os.version: \u00274.8.12-040812-generic\u0027, java.version: \u00271.8.0_31\u0027\nDriver info: driver.version: unknown","stackTrace":[{"declaringClass":"com.tkmdpa.taf.pages.pantheon.AddNewAppPage","methodName":"clickOnApp","fileName":"AddNewAppPage.java","lineNumber":49},{"declaringClass":"com.tkmdpa.taf.steps.pantheon.UserAppsSteps","methodName":"openMyAppsPage","fileName":"UserAppsSteps.java","lineNumber":31},{"declaringClass":"com.tkmdpa.taf.definitions.pantheon.UserAppsDefinition","methodName":"navigateToMyAppsPage","fileName":"UserAppsDefinition.java","lineNumber":26}]},"result":"ERROR","precondition":false}]},{"number":11,"description":"And open Edit App Page for the first application","duration":8,"startTime":1492103824266,"result":"SKIPPED","precondition":false},{"number":12,"description":"When clear field {Application name} on Edit App Page","duration":0,"startTime":1492103824275,"result":"SKIPPED","precondition":false},{"number":13,"description":"And enter to the field {Application name} value {mamax-Appdf}","duration":0,"startTime":1492103824276,"result":"SKIPPED","precondition":false},{"number":14,"description":"And save changes on Edit App Page","duration":0,"startTime":1492103824276,"result":"SKIPPED","precondition":false},{"number":15,"description":"And the message {App Updated!} is displayed","duration":0,"startTime":1492103824277,"result":"SKIPPED","precondition":false},{"number":16,"description":"And open my Apps page","duration":0,"startTime":1492103824277,"result":"SKIPPED","precondition":false},{"number":17,"description":"And open Details tab on the application","duration":0,"startTime":1492103824278,"result":"SKIPPED","precondition":false},{"number":18,"description":"Then {Application Name} have been applied on Edit App Page with value {mamax-Appdf}","duration":0,"startTime":1492103824279,"result":"SKIPPED","precondition":false}]},{"number":19,"description":"(Pantheon|Edit App) Edit app positive [2.1.8 Edit application] #2: {appFormField\u003dRedirect URI, appValue\u003dhttps://oauth.ticketmaster.com, detailName\u003dCallback URL}","duration":22968,"startTime":1492103824344,"precondition":false,"children":[{"number":20,"description":"Given open Home page","duration":3197,"startTime":1492103824344,"result":"SUCCESS","precondition":false,"children":[{"number":21,"description":"Open page","duration":3196,"startTime":1492103824345,"result":"SUCCESS","precondition":false}]},{"number":22,"description":"And navigate to Pantheon LogIn page from Home page","duration":862,"startTime":1492103827541,"result":"SUCCESS","precondition":false,"children":[{"number":23,"description":"Click log in","duration":718,"startTime":1492103827542,"result":"SUCCESS","precondition":false},{"number":24,"description":"Is page opened","duration":141,"startTime":1492103828261,"result":"SUCCESS","precondition":false}]},{"number":25,"description":"And navigate to Pantheon User Account page from LogIn page","duration":5101,"startTime":1492103828403,"result":"SUCCESS","precondition":false,"children":[{"number":26,"description":"Log in to app: TestUser, 1234567","duration":5100,"startTime":1492103828404,"result":"SUCCESS","precondition":false}]},{"number":27,"description":"Given open my Apps page","duration":229,"startTime":1492103833504,"result":"SUCCESS","precondition":false,"children":[{"number":28,"description":"Open my apps page","duration":228,"startTime":1492103833505,"result":"SUCCESS","precondition":false}]},{"number":29,"description":"And open Edit App Page for the first application","duration":258,"startTime":1492103833733,"result":"SUCCESS","precondition":false,"children":[{"number":30,"description":"Edit app","duration":256,"startTime":1492103833734,"result":"SUCCESS","precondition":false}]},{"number":31,"description":"When clear field {Redirect URI} on Edit App Page","duration":3174,"startTime":1492103833991,"result":"SUCCESS","precondition":false,"children":[{"number":32,"description":"Clear field: Redirect URI","duration":3173,"startTime":1492103833992,"result":"SUCCESS","precondition":false}]},{"number":33,"description":"And enter to the field {Redirect URI} value {https://oauth.ticketmaster.com}","duration":94,"startTime":1492103837166,"result":"SUCCESS","precondition":false,"children":[{"number":34,"description":"Enter value: Redirect URI, https://oauth.ticketmaster.com","duration":92,"startTime":1492103837167,"result":"SUCCESS","precondition":false}]},{"number":35,"description":"And save changes on Edit App Page","duration":8546,"startTime":1492103837260,"result":"SUCCESS","precondition":false,"children":[{"number":36,"description":"Apply changes","duration":8544,"startTime":1492103837261,"result":"SUCCESS","precondition":false}]},{"number":37,"description":"And the message {App Updated!} is displayed","duration":627,"startTime":1492103845806,"result":"SUCCESS","precondition":false,"children":[{"number":38,"description":"Check if message is displayed: App Updated!","duration":624,"startTime":1492103845808,"result":"SUCCESS","precondition":false}]},{"number":39,"description":"And open my Apps page","duration":190,"startTime":1492103846433,"result":"SUCCESS","precondition":false,"children":[{"number":40,"description":"Open my apps page","duration":187,"startTime":1492103846435,"result":"SUCCESS","precondition":false}]},{"number":41,"description":"And open Details tab on the application","duration":511,"startTime":1492103846623,"result":"SUCCESS","precondition":false,"children":[{"number":42,"description":"Open details tab","duration":508,"startTime":1492103846625,"result":"SUCCESS","precondition":false}]},{"number":43,"description":"Then {Callback URL} have been applied on Edit App Page with value {https://oauth.ticketmaster.com}","duration":178,"startTime":1492103847134,"result":"SUCCESS","precondition":false,"children":[{"number":44,"description":"Check if changes are applied: Callback URL, https://oauth.ticketmaster.com","duration":175,"startTime":1492103847136,"result":"SUCCESS","precondition":false}]}]}],"userStory":{"id":"UserApps","storyName":"User apps","path":"stories/pantheon/UserApps.story","narrative":"In order to manage my Apps\nAs a user of Ticket Master Developer portal\nI want to perform CRUD operations with my apps","type":"story"},"featureTag":{"name":"Pantheon/User apps","type":"story"},"title":"(Pantheon|Edit App) Edit app positive [2.1.8 Edit application]","tags":[{"name":"Pantheon/","type":"story"},{"name":"Pantheon","type":"feature"}],"startTime":1492103803339,"duration":44049,"testFailureCause":{"errorType":"org.openqa.selenium.NoSuchElementException","message":"Timed out after 5 seconds. Element not found\nFor documentation on this error, please visit: http://seleniumhq.org/exceptions/no_such_element.html\nBuild info: version: \u00272.53.1\u0027, revision: \u0027a36b8b1cd5757287168e54b817830adce9b0158d\u0027, time: \u00272016-06-30 19:26:09\u0027\nSystem info: host: \u0027testing-docker-b74a0fbd-fbcb-4368-9193-ef64551f9aa2\u0027, ip: \u0027172.17.0.10\u0027, os.name: \u0027Linux\u0027, os.arch: \u0027amd64\u0027, os.version: \u00274.8.12-040812-generic\u0027, java.version: \u00271.8.0_31\u0027\nDriver info: driver.version: unknown","stackTrace":[{"declaringClass":"com.tkmdpa.taf.pages.pantheon.AddNewAppPage","methodName":"clickOnApp","fileName":"AddNewAppPage.java","lineNumber":49},{"declaringClass":"com.tkmdpa.taf.steps.pantheon.UserAppsSteps","methodName":"openMyAppsPage","fileName":"UserAppsSteps.java","lineNumber":31},{"declaringClass":"com.tkmdpa.taf.definitions.pantheon.UserAppsDefinition","methodName":"navigateToMyAppsPage","fileName":"UserAppsDefinition.java","lineNumber":26}]},"testFailureClassname":"java.lang.AssertionError","testFailureMessage":"Timed out after 5 seconds. Element not found\nFor documentation on this error, please visit: http://seleniumhq.org/exceptions/no_such_element.html\nBuild info: version: \u00272.53.1\u0027, revision: \u0027a36b8b1cd5757287168e54b817830adce9b0158d\u0027, time: \u00272016-06-30 19:26:09\u0027\nSystem info: host: \u0027testing-docker-b74a0fbd-fbcb-4368-9193-ef64551f9aa2\u0027, ip: \u0027172.17.0.10\u0027, os.name: \u0027Linux\u0027, os.arch: \u0027amd64\u0027, os.version: \u00274.8.12-040812-generic\u0027, java.version: \u00271.8.0_31\u0027\nDriver info: driver.version: unknown\nTimed out after 5 seconds. Element not found\nFor documentation on this error, please visit: http://seleniumhq.org/exceptions/no_such_element.html\nBuild info: version: \u00272.53.1\u0027, revision: \u0027a36b8b1cd5757287168e54b817830adce9b0158d\u0027, time: \u00272016-06-30 19:26:09\u0027\nSystem info: host: \u0027testing-docker-b74a0fbd-fbcb-4368-9193-ef64551f9aa2\u0027, ip: \u0027172.17.0.10\u0027, os.name: \u0027Linux\u0027, os.arch: \u0027amd64\u0027, os.version: \u00274.8.12-040812-generic\u0027, java.version: \u00271.8.0_31\u0027\nDriver info: driver.version: unknown","testFailureSummary":"ERROR;org.openqa.selenium.NoSuchElementException;Timed out after 5 seconds. Element not found\nFor documentation on this error, please visit: http://seleniumhq.org/exceptions/no_such_element.html\nBuild info: version: \u00272.53.1\u0027, revision: \u0027a36b8b1cd5757287168e54b817830adce9b0158d\u0027, time: \u00272016-06-30 19:26:09\u0027\nSystem info: host: \u0027testing-docker-b74a0fbd-fbcb-4368-9193-ef64551f9aa2\u0027, ip: \u0027172.17.0.10\u0027, os.name: \u0027Linux\u0027, os.arch: \u0027amd64\u0027, os.version: \u00274.8.12-040812-generic\u0027, java.version: \u00271.8.0_31\u0027\nDriver info: driver.version: unknown;AddNewAppPage.java:49","projectKey":"","dataTable":{"headers":["appFormField","appValue","detailName"],"rows":[{"values":["Application name","mamax-Appdf","Application Name"],"result":"ERROR"},{"values":["Redirect URI","https://oauth.ticketmaster.com","Callback URL"],"result":"SUCCESS"}],"predefinedRows":true,"dataSetDescriptors":[{"startRow":0,"rowCount":0}]},"manual":false,"testSource":"JBehave","result":"FAILURE"}